[
  {
    "level": "INFO",
    "message": "android.ndkVersion from module build.gradle is [25.0.8775105]",
    "diagnosticCode": "UNKNOWN"
  },
  {
    "level": "INFO",
    "message": "android.ndkPath from module build.gradle is not set",
    "diagnosticCode": "UNKNOWN"
  },
  {
    "level": "INFO",
    "message": "ndk.dir in local.properties is not set",
    "diagnosticCode": "UNKNOWN"
  },
  {
    "level": "INFO",
    "message": "Not considering ANDROID_NDK_HOME because support was removed after deprecation period.",
    "diagnosticCode": "UNKNOWN"
  },
  {
    "level": "INFO",
    "message": "sdkFolder is C:\\Users\\0x7is\\AppData\\Local\\Android\\Sdk",
    "diagnosticCode": "UNKNOWN"
  },
  {
    "level": "INFO",
    "message": "Folder C:\\Users\\0x7is\\AppData\\Local\\Android\\Sdk\\ndk\\25.0.8775105 does not exist. Ignoring.",
    "diagnosticCode": "UNKNOWN"
  },
  {
    "level": "INFO",
    "message": "No NDK was found. Trying to download it now.",
    "diagnosticCode": "UNKNOWN"
  },
  {
    "level": "INFO",
    "message": "NDK 25.0.8775105 was downloaded to C:\\Users\\0x7is\\AppData\\Local\\Android\\Sdk\\ndk\\25.0.8775105. Using that.",
    "diagnosticCode": "UNKNOWN"
  }
]